<?xml version="1.0" encoding="UTF-8"?>
<!-- Generated by org.testng.reporters.JUnitXMLReporter -->
<testsuite ignored="2" hostname="DESKTOP-C89HPAB" failures="2" tests="5" name="FactorialTests" time="17.886" errors="0" timestamp="2021-06-01T18:16:00 CEST">
  <testcase classname="tests.InputHappyPathIntegerAndValidateResult" name="validateHappyPathIntegerAndResult" time="0.481"/>
  <testcase classname="tests.NaviagateToHomePageAndValidateStrings" name="validateElementsonHomePage" time="0.432">
    <failure type="java.lang.AssertionError" message="ValidatePrivacyLinkString method failed due to string: &amp;quot;Terms and Conditions&amp;quot; not matching expected string: &amp;quot;Privacy&amp;quot;">
      <![CDATA[java.lang.AssertionError: ValidatePrivacyLinkString method failed due to string: "Terms and Conditions" not matching expected string: "Privacy"
at org.junit.Assert.fail(Assert.java:88)
at org.junit.Assert.assertTrue(Assert.java:41)
at pages.HomePage.validateHomePagePrivacyLinkString(HomePage.java:69)
at tests.NaviagateToHomePageAndValidateStrings.validateElementsonHomePage(NaviagateToHomePageAndValidateStrings.java:26)
at java.base/java.util.ArrayList.forEach(ArrayList.java:1511)
... Removed 27 stack frames]]>
    </failure>
  </testcase> <!-- validateElementsonHomePage -->
  <testcase classname="tests.NegativeTestInputDecimal" name="validateStringInputError" time="0.381"/>
  <testcase classname="tests.NegativeTestInputNegativeInteger" name="validateStringInputError" time="0.393">
    <failure type="java.lang.AssertionError" message="validateFactorialResults method failed due to: &amp;quot;&amp;quot; not matching expected: &amp;quot;Please enter an integer&amp;quot;">
      <![CDATA[java.lang.AssertionError: validateFactorialResults method failed due to: "" not matching expected: "Please enter an integer"
at org.junit.Assert.fail(Assert.java:88)
at org.junit.Assert.assertTrue(Assert.java:41)
at pages.HomePage.validateFactorialResults(HomePage.java:111)
at tests.NegativeTestInputNegativeInteger.validateStringInputError(NegativeTestInputNegativeInteger.java:27)
at java.base/java.util.ArrayList.forEach(ArrayList.java:1511)
... Removed 27 stack frames]]>
    </failure>
  </testcase> <!-- validateStringInputError -->
  <testcase classname="tests.NegativeTestInputString" name="validateStringInputError" time="0.45"/>
  <testcase classname="tests.RestFactorialApiTest" name="APITestFactorialInteger" time="0.0">
    <ignored/>
  </testcase> <!-- APITestFactorialInteger -->
  <testcase classname="tests.RestFactorialApiTest" name="APITestFactorialString" time="0.0">
    <ignored/>
  </testcase> <!-- APITestFactorialString -->
</testsuite> <!-- FactorialTests -->
